HTTP/1.1 302 Found
Server: nginx/1.12.1
Date: Sun, 15 Sep 2019 12:58:33 GMT
Content-Type: text/html;charset=UTF-8
Content-Length: 0
Connection: keep-alive
Cache-Control: private,no-cache,no-store,max-age=0,must-revalidate
Expires: -1
Pragma: no-cache
Set-Cookie: JSESSIONID=16C6CD344F42FCEBBDF6B3DCAFC662AE; Path=/; HttpOnly
Location: http://1d3p.wp.codeforces.com/

HTTP/1.1 302 Found
Server: nginx/1.12.1
Date: Sun, 15 Sep 2019 12:58:33 GMT
Content-Type: text/html;charset=UTF-8
Content-Length: 0
Connection: keep-alive
Cache-Control: private,no-cache,no-store,max-age=0,must-revalidate
Expires: -1
Pragma: no-cache
Set-Cookie: JSESSIONID=17FE7F84FBCBD20B0726D1E4A1C40C4B; Path=/; HttpOnly
Location: http://1d3p.wp.codeforces.com/

HTTP/1.1 302 Found
Server: nginx/1.12.1
Date: Sun, 15 Sep 2019 12:58:33 GMT
Content-Type: text/html;charset=UTF-8
Content-Length: 0
Connection: keep-alive
Cache-Control: private,no-cache,no-store,max-age=0,must-revalidate
Expires: -1
Pragma: no-cache
Set-Cookie: JSESSIONID=4D0657CEBF6F66A53C3DCD927BB6675F; Path=/; HttpOnly
Location: http://1d3p.wp.codeforces.com/

HTTP/1.1 302 Found
Server: nginx/1.12.1
Date: Sun, 15 Sep 2019 12:58:33 GMT
Content-Type: text/html;charset=UTF-8
Content-Length: 0
Connection: keep-alive
Cache-Control: private,no-cache,no-store,max-age=0,must-revalidate
Expires: -1
Pragma: no-cache
Set-Cookie: JSESSIONID=DA006A19FF22F6ADBAC0571909A795CC; Path=/; HttpOnly
Location: http://1d3p.wp.codeforces.com/

HTTP/1.1 302 Found
Server: nginx/1.12.1
Date: Sun, 15 Sep 2019 12:58:33 GMT
Content-Type: text/html;charset=UTF-8
Content-Length: 0
Connection: keep-alive
Cache-Control: private,no-cache,no-store,max-age=0,must-revalidate
Expires: -1
Pragma: no-cache
Set-Cookie: JSESSIONID=43BDF7C6901E794918FA27792671FAB1; Path=/; HttpOnly
Location: http://1d3p.wp.codeforces.com/

HTTP/1.1 302 Found
Server: nginx/1.12.1
Date: Sun, 15 Sep 2019 12:58:33 GMT
Content-Type: text/html;charset=UTF-8
Content-Length: 0
Connection: keep-alive
Cache-Control: private,no-cache,no-store,max-age=0,must-revalidate
Expires: -1
Pragma: no-cache
Set-Cookie: JSESSIONID=6ECAB11778482335B24F10673DA1A1B0; Path=/; HttpOnly
Location: http://1d3p.wp.codeforces.com/

HTTP/1.1 302 Found
Server: nginx/1.12.1
Date: Sun, 15 Sep 2019 12:58:33 GMT
Content-Type: text/html;charset=UTF-8
Content-Length: 0
Connection: keep-alive
Cache-Control: private,no-cache,no-store,max-age=0,must-revalidate
Expires: -1
Pragma: no-cache
Set-Cookie: JSESSIONID=EA391925877611E52CE4A03C7A8417BB; Path=/; HttpOnly
Location: http://1d3p.wp.codeforces.com/

HTTP/1.1 302 Found
Server: nginx/1.12.1
Date: Sun, 15 Sep 2019 12:58:34 GMT
Content-Type: text/html;charset=UTF-8
Content-Length: 0
Connection: keep-alive
Cache-Control: private,no-cache,no-store,max-age=0,must-revalidate
Expires: -1
Pragma: no-cache
Set-Cookie: JSESSIONID=B25AEDE385DC37A9DF0BC9F60A2CFADA; Path=/; HttpOnly
Location: http://1d3p.wp.codeforces.com/

HTTP/1.1 302 Found
Server: nginx/1.12.1
Date: Sun, 15 Sep 2019 12:58:34 GMT
Content-Type: text/html;charset=UTF-8
Content-Length: 0
Connection: keep-alive
Cache-Control: private,no-cache,no-store,max-age=0,must-revalidate
Expires: -1
Pragma: no-cache
Set-Cookie: JSESSIONID=96D0CC8BDEA29A5F42EB40E9E98A0F6A; Path=/; HttpOnly
Location: http://1d3p.wp.codeforces.com/

HTTP/1.1 302 Found
Server: nginx/1.12.1
Date: Sun, 15 Sep 2019 12:58:34 GMT
Content-Type: text/html;charset=UTF-8
Content-Length: 0
Connection: keep-alive
Cache-Control: private,no-cache,no-store,max-age=0,must-revalidate
Expires: -1
Pragma: no-cache
Set-Cookie: JSESSIONID=136B7475AE23AE2BC5A00380B119D3A2; Path=/; HttpOnly
Location: http://1d3p.wp.codeforces.com/

HTTP/1.1 302 Found
Server: nginx/1.12.1
Date: Sun, 15 Sep 2019 12:58:34 GMT
Content-Type: text/html;charset=UTF-8
Content-Length: 0
Connection: keep-alive
Cache-Control: private,no-cache,no-store,max-age=0,must-revalidate
Expires: -1
Pragma: no-cache
Set-Cookie: JSESSIONID=424C3E0528A32E802125B66F33E144A1; Path=/; HttpOnly
Location: http://1d3p.wp.codeforces.com/

HTTP/1.1 302 Found
Server: nginx/1.12.1
Date: Sun, 15 Sep 2019 12:58:34 GMT
Content-Type: text/html;charset=UTF-8
Content-Length: 0
Connection: keep-alive
Cache-Control: private,no-cache,no-store,max-age=0,must-revalidate
Expires: -1
Pragma: no-cache
Set-Cookie: JSESSIONID=008F4C8E96D3825BFB14136EB89B5B40; Path=/; HttpOnly
Location: http://1d3p.wp.codeforces.com/

HTTP/1.1 302 Found
Server: nginx/1.12.1
Date: Sun, 15 Sep 2019 12:58:34 GMT
Content-Type: text/html;charset=UTF-8
Content-Length: 0
Connection: keep-alive
Cache-Control: private,no-cache,no-store,max-age=0,must-revalidate
Expires: -1
Pragma: no-cache
Set-Cookie: JSESSIONID=9A8675C3390427B628AE62DF8D038CB3; Path=/; HttpOnly
Location: http://1d3p.wp.codeforces.com/

HTTP/1.1 302 Found
Server: nginx/1.12.1
Date: Sun, 15 Sep 2019 12:58:34 GMT
Content-Type: text/html;charset=UTF-8
Content-Length: 0
Connection: keep-alive
Cache-Control: private,no-cache,no-store,max-age=0,must-revalidate
Expires: -1
Pragma: no-cache
Set-Cookie: JSESSIONID=8C600D6CC25B75D7F20C1F216FAE7C1E; Path=/; HttpOnly
Location: http://1d3p.wp.codeforces.com/

HTTP/1.1 302 Found
Server: nginx/1.12.1
Date: Sun, 15 Sep 2019 12:58:34 GMT
Content-Type: text/html;charset=UTF-8
Content-Length: 0
Connection: keep-alive
Cache-Control: private,no-cache,no-store,max-age=0,must-revalidate
Expires: -1
Pragma: no-cache
Set-Cookie: JSESSIONID=71AFF902277CC859D1DE18CB7141066C; Path=/; HttpOnly
Location: http://1d3p.wp.codeforces.com/

HTTP/1.1 302 Found
Server: nginx/1.12.1
Date: Sun, 15 Sep 2019 12:58:34 GMT
Content-Type: text/html;charset=UTF-8
Content-Length: 0
Connection: keep-alive
Cache-Control: private,no-cache,no-store,max-age=0,must-revalidate
Expires: -1
Pragma: no-cache
Set-Cookie: JSESSIONID=C3BAEB58EE16E77D1D5519B763072D71; Path=/; HttpOnly
Location: http://1d3p.wp.codeforces.com/

HTTP/1.1 302 Found
Server: nginx/1.12.1
Date: Sun, 15 Sep 2019 12:58:34 GMT
Content-Type: text/html;charset=UTF-8
Content-Length: 0
Connection: keep-alive
Cache-Control: private,no-cache,no-store,max-age=0,must-revalidate
Expires: -1
Pragma: no-cache
Set-Cookie: JSESSIONID=59BD9C242D3CA788FDB4B9A376201D2A; Path=/; HttpOnly
Location: http://1d3p.wp.codeforces.com/

HTTP/1.1 302 Found
Server: nginx/1.12.1
Date: Sun, 15 Sep 2019 12:58:34 GMT
Content-Type: text/html;charset=UTF-8
Content-Length: 0
Connection: keep-alive
Cache-Control: private,no-cache,no-store,max-age=0,must-revalidate
Expires: -1
Pragma: no-cache
Set-Cookie: JSESSIONID=BF206F55441AF23521ABDBEA48C0FAB0; Path=/; HttpOnly
Location: http://1d3p.wp.codeforces.com/

HTTP/1.1 302 Found
Server: nginx/1.12.1
Date: Sun, 15 Sep 2019 12:58:34 GMT
Content-Type: text/html;charset=UTF-8
Content-Length: 0
Connection: keep-alive
Cache-Control: private,no-cache,no-store,max-age=0,must-revalidate
Expires: -1
Pragma: no-cache
Set-Cookie: JSESSIONID=CBC660907BE217C6C0C13AE01864DB57; Path=/; HttpOnly
Location: http://1d3p.wp.codeforces.com/

HTTP/1.1 302 Found
Server: nginx/1.12.1
Date: Sun, 15 Sep 2019 12:58:34 GMT
Content-Type: text/html;charset=UTF-8
Content-Length: 0
Connection: keep-alive
Cache-Control: private,no-cache,no-store,max-age=0,must-revalidate
Expires: -1
Pragma: no-cache
Set-Cookie: JSESSIONID=B2E82E2B9065E5655ABA38EE4FB283EB; Path=/; HttpOnly
Location: http://1d3p.wp.codeforces.com/

HTTP/1.1 302 Found
Server: nginx/1.12.1
Date: Sun, 15 Sep 2019 12:58:35 GMT
Content-Type: text/html;charset=UTF-8
Content-Length: 0
Connection: keep-alive
Cache-Control: private,no-cache,no-store,max-age=0,must-revalidate
Expires: -1
Pragma: no-cache
Set-Cookie: JSESSIONID=1DD75BDCD00907CEDA1D07920B1D251D; Path=/; HttpOnly
Location: http://1d3p.wp.codeforces.com/

HTTP/1.1 302 Found
Server: nginx/1.12.1
Date: Sun, 15 Sep 2019 12:58:35 GMT
Content-Type: text/html;charset=UTF-8
Content-Length: 0
Connection: keep-alive
Cache-Control: private,no-cache,no-store,max-age=0,must-revalidate
Expires: -1
Pragma: no-cache
Set-Cookie: JSESSIONID=1ED6945A9F9A6340699D676251FC8BC1; Path=/; HttpOnly
Location: http://1d3p.wp.codeforces.com/

HTTP/1.1 302 Found
Server: nginx/1.12.1
Date: Sun, 15 Sep 2019 12:58:35 GMT
Content-Type: text/html;charset=UTF-8
Content-Length: 0
Connection: keep-alive
Cache-Control: private,no-cache,no-store,max-age=0,must-revalidate
Expires: -1
Pragma: no-cache
Set-Cookie: JSESSIONID=B27B162D6161553F8B313DBED39C1D64; Path=/; HttpOnly
Location: http://1d3p.wp.codeforces.com/

HTTP/1.1 302 Found
Server: nginx/1.12.1
Date: Sun, 15 Sep 2019 12:58:35 GMT
Content-Type: text/html;charset=UTF-8
Content-Length: 0
Connection: keep-alive
Cache-Control: private,no-cache,no-store,max-age=0,must-revalidate
Expires: -1
Pragma: no-cache
Set-Cookie: JSESSIONID=4227F79EE92C0C5A31C61BF19B77DBA3; Path=/; HttpOnly
Location: http://1d3p.wp.codeforces.com/

HTTP/1.1 302 Found
Server: nginx/1.12.1
Date: Sun, 15 Sep 2019 12:58:35 GMT
Content-Type: text/html;charset=UTF-8
Content-Length: 0
Connection: keep-alive
Cache-Control: private,no-cache,no-store,max-age=0,must-revalidate
Expires: -1
Pragma: no-cache
Set-Cookie: JSESSIONID=F51A9719BFED224879DA0B1AE846CA61; Path=/; HttpOnly
Location: http://1d3p.wp.codeforces.com/

HTTP/1.1 302 Found
Server: nginx/1.12.1
Date: Sun, 15 Sep 2019 12:58:35 GMT
Content-Type: text/html;charset=UTF-8
Content-Length: 0
Connection: keep-alive
Cache-Control: private,no-cache,no-store,max-age=0,must-revalidate
Expires: -1
Pragma: no-cache
Set-Cookie: JSESSIONID=597B9EA4713EA579CCDA32ABA2317441; Path=/; HttpOnly
Location: http://1d3p.wp.codeforces.com/

HTTP/1.1 302 Found
Server: nginx/1.12.1
Date: Sun, 15 Sep 2019 12:58:35 GMT
Content-Type: text/html;charset=UTF-8
Content-Length: 0
Connection: keep-alive
Cache-Control: private,no-cache,no-store,max-age=0,must-revalidate
Expires: -1
Pragma: no-cache
Set-Cookie: JSESSIONID=E435F39AD084CF4D0CFCE8A75EF72B50; Path=/; HttpOnly
Location: http://1d3p.wp.codeforces.com/

HTTP/1.1 302 Found
Server: nginx/1.12.1
Date: Sun, 15 Sep 2019 12:58:35 GMT
Content-Type: text/html;charset=UTF-8
Content-Length: 0
Connection: keep-alive
Cache-Control: private,no-cache,no-store,max-age=0,must-revalidate
Expires: -1
Pragma: no-cache
Set-Cookie: JSESSIONID=B4698A761CDD357AEEECD714A90289A6; Path=/; HttpOnly
Location: http://1d3p.wp.codeforces.com/

HTTP/1.1 302 Found
Server: nginx/1.12.1
Date: Sun, 15 Sep 2019 12:58:35 GMT
Content-Type: text/html;charset=UTF-8
Content-Length: 0
Connection: keep-alive
Cache-Control: private,no-cache,no-store,max-age=0,must-revalidate
Expires: -1
Pragma: no-cache
Set-Cookie: JSESSIONID=41F90D8A476FD65552B2A83B25D32089; Path=/; HttpOnly
Location: http://1d3p.wp.codeforces.com/

HTTP/1.1 302 Found
Server: nginx/1.12.1
Date: Sun, 15 Sep 2019 12:58:35 GMT
Content-Type: text/html;charset=UTF-8
Content-Length: 0
Connection: keep-alive
Cache-Control: private,no-cache,no-store,max-age=0,must-revalidate
Expires: -1
Pragma: no-cache
Set-Cookie: JSESSIONID=9A376B71E706A650A9C89D7493966673; Path=/; HttpOnly
Location: http://1d3p.wp.codeforces.com/

HTTP/1.1 302 Found
Server: nginx/1.12.1
Date: Sun, 15 Sep 2019 12:58:35 GMT
Content-Type: text/html;charset=UTF-8
Content-Length: 0
Connection: keep-alive
Cache-Control: private,no-cache,no-store,max-age=0,must-revalidate
Expires: -1
Pragma: no-cache
Set-Cookie: JSESSIONID=F0DC9B06BAFBA1298510A5B5E5AC4E91; Path=/; HttpOnly
Location: http://1d3p.wp.codeforces.com/

HTTP/1.1 302 Found
Server: nginx/1.12.1
Date: Sun, 15 Sep 2019 12:58:36 GMT
Content-Type: text/html;charset=UTF-8
Content-Length: 0
Connection: keep-alive
Cache-Control: private,no-cache,no-store,max-age=0,must-revalidate
Expires: -1
Pragma: no-cache
Set-Cookie: JSESSIONID=FB7A9270B4B985FDE067CCC97037BAB2; Path=/; HttpOnly
Location: http://1d3p.wp.codeforces.com/

HTTP/1.1 302 Found
Server: nginx/1.12.1
Date: Sun, 15 Sep 2019 12:58:36 GMT
Content-Type: text/html;charset=UTF-8
Content-Length: 0
Connection: keep-alive
Cache-Control: private,no-cache,no-store,max-age=0,must-revalidate
Expires: -1
Pragma: no-cache
Set-Cookie: JSESSIONID=17152FEBD83F782B3DF320BE4578FC93; Path=/; HttpOnly
Location: http://1d3p.wp.codeforces.com/

HTTP/1.1 302 Found
Server: nginx/1.12.1
Date: Sun, 15 Sep 2019 12:58:36 GMT
Content-Type: text/html;charset=UTF-8
Content-Length: 0
Connection: keep-alive
Cache-Control: private,no-cache,no-store,max-age=0,must-revalidate
Expires: -1
Pragma: no-cache
Set-Cookie: JSESSIONID=3FE130C4227DD122DCF02E55CAF3A3CC; Path=/; HttpOnly
Location: http://1d3p.wp.codeforces.com/

HTTP/1.1 302 Found
Server: nginx/1.12.1
Date: Sun, 15 Sep 2019 12:58:36 GMT
Content-Type: text/html;charset=UTF-8
Content-Length: 0
Connection: keep-alive
Cache-Control: private,no-cache,no-store,max-age=0,must-revalidate
Expires: -1
Pragma: no-cache
Set-Cookie: JSESSIONID=F48767F55A31A534D79DB8BAD54B41F4; Path=/; HttpOnly
Location: http://1d3p.wp.codeforces.com/

HTTP/1.1 302 Found
Server: nginx/1.12.1
Date: Sun, 15 Sep 2019 12:58:36 GMT
Content-Type: text/html;charset=UTF-8
Content-Length: 0
Connection: keep-alive
Cache-Control: private,no-cache,no-store,max-age=0,must-revalidate
Expires: -1
Pragma: no-cache
Set-Cookie: JSESSIONID=6FCFC872DA27B1A578146381C97AB3B9; Path=/; HttpOnly
Location: http://1d3p.wp.codeforces.com/

HTTP/1.1 302 Found
Server: nginx/1.12.1
Date: Sun, 15 Sep 2019 12:58:36 GMT
Content-Type: text/html;charset=UTF-8
Content-Length: 0
Connection: keep-alive
Cache-Control: private,no-cache,no-store,max-age=0,must-revalidate
Expires: -1
Pragma: no-cache
Set-Cookie: JSESSIONID=CE1AB62D5A2D17D29B9FD0899EFE1A36; Path=/; HttpOnly
Location: http://1d3p.wp.codeforces.com/

HTTP/1.1 302 Found
Server: nginx/1.12.1
Date: Sun, 15 Sep 2019 12:58:36 GMT
Content-Type: text/html;charset=UTF-8
Content-Length: 0
Connection: keep-alive
Cache-Control: private,no-cache,no-store,max-age=0,must-revalidate
Expires: -1
Pragma: no-cache
Set-Cookie: JSESSIONID=5858116AC9A359A9523EAABB40575EC1; Path=/; HttpOnly
Location: http://1d3p.wp.codeforces.com/

HTTP/1.1 302 Found
Server: nginx/1.12.1
Date: Sun, 15 Sep 2019 12:58:36 GMT
Content-Type: text/html;charset=UTF-8
Content-Length: 0
Connection: keep-alive
Cache-Control: private,no-cache,no-store,max-age=0,must-revalidate
Expires: -1
Pragma: no-cache
Set-Cookie: JSESSIONID=BDE34E4DBF2ED3520FDE8C4E78596E33; Path=/; HttpOnly
Location: http://1d3p.wp.codeforces.com/

HTTP/1.1 302 Found
Server: nginx/1.12.1
Date: Sun, 15 Sep 2019 12:58:36 GMT
Content-Type: text/html;charset=UTF-8
Content-Length: 0
Connection: keep-alive
Cache-Control: private,no-cache,no-store,max-age=0,must-revalidate
Expires: -1
Pragma: no-cache
Set-Cookie: JSESSIONID=AB638C45CAD47474F66B0AD66B3D0976; Path=/; HttpOnly
Location: http://1d3p.wp.codeforces.com/

HTTP/1.1 302 Found
Server: nginx/1.12.1
Date: Sun, 15 Sep 2019 12:58:36 GMT
Content-Type: text/html;charset=UTF-8
Content-Length: 0
Connection: keep-alive
Cache-Control: private,no-cache,no-store,max-age=0,must-revalidate
Expires: -1
Pragma: no-cache
Set-Cookie: JSESSIONID=45BB65DCD7200F710BB33167BBAF1D39; Path=/; HttpOnly
Location: http://1d3p.wp.codeforces.com/

HTTP/1.1 302 Found
Server: nginx/1.12.1
Date: Sun, 15 Sep 2019 12:58:36 GMT
Content-Type: text/html;charset=UTF-8
Content-Length: 0
Connection: keep-alive
Cache-Control: private,no-cache,no-store,max-age=0,must-revalidate
Expires: -1
Pragma: no-cache
Set-Cookie: JSESSIONID=9830FE6BF82CD919C68AAF8B27155E8C; Path=/; HttpOnly
Location: http://1d3p.wp.codeforces.com/

HTTP/1.1 302 Found
Server: nginx/1.12.1
Date: Sun, 15 Sep 2019 12:58:36 GMT
Content-Type: text/html;charset=UTF-8
Content-Length: 0
Connection: keep-alive
Cache-Control: private,no-cache,no-store,max-age=0,must-revalidate
Expires: -1
Pragma: no-cache
Set-Cookie: JSESSIONID=B3E53D3D6B6E753145C0D1DB14B17C0D; Path=/; HttpOnly
Location: http://1d3p.wp.codeforces.com/

HTTP/1.1 302 Found
Server: nginx/1.12.1
Date: Sun, 15 Sep 2019 12:58:36 GMT
Content-Type: text/html;charset=UTF-8
Content-Length: 0
Connection: keep-alive
Cache-Control: private,no-cache,no-store,max-age=0,must-revalidate
Expires: -1
Pragma: no-cache
Set-Cookie: JSESSIONID=331D0BA16CD2BFD37C18874383DD3C62; Path=/; HttpOnly
Location: http://1d3p.wp.codeforces.com/

HTTP/1.1 302 Found
Server: nginx/1.12.1
Date: Sun, 15 Sep 2019 12:58:37 GMT
Content-Type: text/html;charset=UTF-8
Content-Length: 0
Connection: keep-alive
Cache-Control: private,no-cache,no-store,max-age=0,must-revalidate
Expires: -1
Pragma: no-cache
Set-Cookie: JSESSIONID=9D28854E03FDF6B3391C5C9E981A6F34; Path=/; HttpOnly
Location: http://1d3p.wp.codeforces.com/

HTTP/1.1 302 Found
Server: nginx/1.12.1
Date: Sun, 15 Sep 2019 12:58:37 GMT
Content-Type: text/html;charset=UTF-8
Content-Length: 0
Connection: keep-alive
Cache-Control: private,no-cache,no-store,max-age=0,must-revalidate
Expires: -1
Pragma: no-cache
Set-Cookie: JSESSIONID=D592C401E8F1698DD131DE4EE6CA729C; Path=/; HttpOnly
Location: http://1d3p.wp.codeforces.com/

HTTP/1.1 302 Found
Server: nginx/1.12.1
Date: Sun, 15 Sep 2019 12:58:37 GMT
Content-Type: text/html;charset=UTF-8
Content-Length: 0
Connection: keep-alive
Cache-Control: private,no-cache,no-store,max-age=0,must-revalidate
Expires: -1
Pragma: no-cache
Set-Cookie: JSESSIONID=107DCAEBEC7F5E0CD410A203D0850E8B; Path=/; HttpOnly
Location: http://1d3p.wp.codeforces.com/

HTTP/1.1 302 Found
Server: nginx/1.12.1
Date: Sun, 15 Sep 2019 12:58:37 GMT
Content-Type: text/html;charset=UTF-8
Content-Length: 0
Connection: keep-alive
Cache-Control: private,no-cache,no-store,max-age=0,must-revalidate
Expires: -1
Pragma: no-cache
Set-Cookie: JSESSIONID=8A595947487155D0D06523FF716FF28E; Path=/; HttpOnly
Location: http://1d3p.wp.codeforces.com/

HTTP/1.1 302 Found
Server: nginx/1.12.1
Date: Sun, 15 Sep 2019 12:58:37 GMT
Content-Type: text/html;charset=UTF-8
Content-Length: 0
Connection: keep-alive
Cache-Control: private,no-cache,no-store,max-age=0,must-revalidate
Expires: -1
Pragma: no-cache
Set-Cookie: JSESSIONID=28F420B876EF9EA2A512D6BA0E07DAAD; Path=/; HttpOnly
Location: http://1d3p.wp.codeforces.com/

HTTP/1.1 302 Found
Server: nginx/1.12.1
Date: Sun, 15 Sep 2019 12:58:37 GMT
Content-Type: text/html;charset=UTF-8
Content-Length: 0
Connection: keep-alive
Cache-Control: private,no-cache,no-store,max-age=0,must-revalidate
Expires: -1
Pragma: no-cache
Set-Cookie: JSESSIONID=04A3531DD163F00AFB31E02A8A8A51F4; Path=/; HttpOnly
Location: http://1d3p.wp.codeforces.com/

HTTP/1.1 302 Found
Server: nginx/1.12.1
Date: Sun, 15 Sep 2019 12:58:37 GMT
Content-Type: text/html;charset=UTF-8
Content-Length: 0
Connection: keep-alive
Cache-Control: private,no-cache,no-store,max-age=0,must-revalidate
Expires: -1
Pragma: no-cache
Set-Cookie: JSESSIONID=122C1CE546610FD669F4E79FDDAA67FE; Path=/; HttpOnly
Location: http://1d3p.wp.codeforces.com/

HTTP/1.1 302 Found
Server: nginx/1.12.1
Date: Sun, 15 Sep 2019 12:58:37 GMT
Content-Type: text/html;charset=UTF-8
Content-Length: 0
Connection: keep-alive
Cache-Control: private,no-cache,no-store,max-age=0,must-revalidate
Expires: -1
Pragma: no-cache
Set-Cookie: JSESSIONID=A37D59AE30366F4020296E6621B2D183; Path=/; HttpOnly
Location: http://1d3p.wp.codeforces.com/

HTTP/1.1 302 Found
Server: nginx/1.12.1
Date: Sun, 15 Sep 2019 12:58:37 GMT
Content-Type: text/html;charset=UTF-8
Content-Length: 0
Connection: keep-alive
Cache-Control: private,no-cache,no-store,max-age=0,must-revalidate
Expires: -1
Pragma: no-cache
Set-Cookie: JSESSIONID=4B8D4E1A9CA766E2EEA5ED0601F41614; Path=/; HttpOnly
Location: http://1d3p.wp.codeforces.com/

HTTP/1.1 302 Found
Server: nginx/1.12.1
Date: Sun, 15 Sep 2019 12:58:37 GMT
Content-Type: text/html;charset=UTF-8
Content-Length: 0
Connection: keep-alive
Cache-Control: private,no-cache,no-store,max-age=0,must-revalidate
Expires: -1
Pragma: no-cache
Set-Cookie: JSESSIONID=AAF2C2F83877F8BC7BFD8756D565EC22; Path=/; HttpOnly
Location: http://1d3p.wp.codeforces.com/

HTTP/1.1 302 Found
Server: nginx/1.12.1
Date: Sun, 15 Sep 2019 12:58:37 GMT
Content-Type: text/html;charset=UTF-8
Content-Length: 0
Connection: keep-alive
Cache-Control: private,no-cache,no-store,max-age=0,must-revalidate
Expires: -1
Pragma: no-cache
Set-Cookie: JSESSIONID=0B4D4290F206C3CF79A524B1A5C74DD0; Path=/; HttpOnly
Location: http://1d3p.wp.codeforces.com/

HTTP/1.1 302 Found
Server: nginx/1.12.1
Date: Sun, 15 Sep 2019 12:58:37 GMT
Content-Type: text/html;charset=UTF-8
Content-Length: 0
Connection: keep-alive
Cache-Control: private,no-cache,no-store,max-age=0,must-revalidate
Expires: -1
Pragma: no-cache
Set-Cookie: JSESSIONID=F4A5BAC880FF963518F61D5FD5BF8E5E; Path=/; HttpOnly
Location: http://1d3p.wp.codeforces.com/

HTTP/1.1 302 Found
Server: nginx/1.12.1
Date: Sun, 15 Sep 2019 12:58:37 GMT
Content-Type: text/html;charset=UTF-8
Content-Length: 0
Connection: keep-alive
Cache-Control: private,no-cache,no-store,max-age=0,must-revalidate
Expires: -1
Pragma: no-cache
Set-Cookie: JSESSIONID=163FD93EA8AFA6E0D13013A65E40735C; Path=/; HttpOnly
Location: http://1d3p.wp.codeforces.com/

HTTP/1.1 302 Found
Server: nginx/1.12.1
Date: Sun, 15 Sep 2019 12:58:38 GMT
Content-Type: text/html;charset=UTF-8
Content-Length: 0
Connection: keep-alive
Cache-Control: private,no-cache,no-store,max-age=0,must-revalidate
Expires: -1
Pragma: no-cache
Set-Cookie: JSESSIONID=F342410ABEE9F811E9DC022FB1D593FD; Path=/; HttpOnly
Location: http://1d3p.wp.codeforces.com/

HTTP/1.1 302 Found
Server: nginx/1.12.1
Date: Sun, 15 Sep 2019 12:58:38 GMT
Content-Type: text/html;charset=UTF-8
Content-Length: 0
Connection: keep-alive
Cache-Control: private,no-cache,no-store,max-age=0,must-revalidate
Expires: -1
Pragma: no-cache
Set-Cookie: JSESSIONID=0FA5AED9907AE0DB6121B9683EDD67A4; Path=/; HttpOnly
Location: http://1d3p.wp.codeforces.com/

HTTP/1.1 302 Found
Server: nginx/1.12.1
Date: Sun, 15 Sep 2019 12:58:38 GMT
Content-Type: text/html;charset=UTF-8
Content-Length: 0
Connection: keep-alive
Cache-Control: private,no-cache,no-store,max-age=0,must-revalidate
Expires: -1
Pragma: no-cache
Set-Cookie: JSESSIONID=728E86FFBA8CC9775D4DAE14BC7533D7; Path=/; HttpOnly
Location: http://1d3p.wp.codeforces.com/

HTTP/1.1 302 Found
Server: nginx/1.12.1
Date: Sun, 15 Sep 2019 12:58:38 GMT
Content-Type: text/html;charset=UTF-8
Content-Length: 0
Connection: keep-alive
Cache-Control: private,no-cache,no-store,max-age=0,must-revalidate
Expires: -1
Pragma: no-cache
Set-Cookie: JSESSIONID=5BA4EC14E451C811B9E53A203833F49B; Path=/; HttpOnly
Location: http://1d3p.wp.codeforces.com/

HTTP/1.1 302 Found
Server: nginx/1.12.1
Date: Sun, 15 Sep 2019 12:58:38 GMT
Content-Type: text/html;charset=UTF-8
Content-Length: 0
Connection: keep-alive
Cache-Control: private,no-cache,no-store,max-age=0,must-revalidate
Expires: -1
Pragma: no-cache
Set-Cookie: JSESSIONID=F76FE0565AEB484AF1EC09C97CABC6A2; Path=/; HttpOnly
Location: http://1d3p.wp.codeforces.com/

HTTP/1.1 302 Found
Server: nginx/1.12.1
Date: Sun, 15 Sep 2019 12:58:38 GMT
Content-Type: text/html;charset=UTF-8
Content-Length: 0
Connection: keep-alive
Cache-Control: private,no-cache,no-store,max-age=0,must-revalidate
Expires: -1
Pragma: no-cache
Set-Cookie: JSESSIONID=D201C3852088C7DA7C7589D7F3052AFA; Path=/; HttpOnly
Location: http://1d3p.wp.codeforces.com/

HTTP/1.1 302 Found
Server: nginx/1.12.1
Date: Sun, 15 Sep 2019 12:58:38 GMT
Content-Type: text/html;charset=UTF-8
Content-Length: 0
Connection: keep-alive
Cache-Control: private,no-cache,no-store,max-age=0,must-revalidate
Expires: -1
Pragma: no-cache
Set-Cookie: JSESSIONID=C9CEC5B30CE3FEB92591BFCD771DD371; Path=/; HttpOnly
Location: http://1d3p.wp.codeforces.com/

HTTP/1.1 302 Found
Server: nginx/1.12.1
Date: Sun, 15 Sep 2019 12:58:38 GMT
Content-Type: text/html;charset=UTF-8
Content-Length: 0
Connection: keep-alive
Cache-Control: private,no-cache,no-store,max-age=0,must-revalidate
Expires: -1
Pragma: no-cache
Set-Cookie: JSESSIONID=1ACA4DF5AB029B4C4B038FD658494D13; Path=/; HttpOnly
Location: http://1d3p.wp.codeforces.com/

HTTP/1.1 302 Found
Server: nginx/1.12.1
Date: Sun, 15 Sep 2019 12:58:38 GMT
Content-Type: text/html;charset=UTF-8
Content-Length: 0
Connection: keep-alive
Cache-Control: private,no-cache,no-store,max-age=0,must-revalidate
Expires: -1
Pragma: no-cache
Set-Cookie: JSESSIONID=5A8B75E75A3DDB1917D18B71CF6EAF71; Path=/; HttpOnly
Location: http://1d3p.wp.codeforces.com/

HTTP/1.1 302 Found
Server: nginx/1.12.1
Date: Sun, 15 Sep 2019 12:58:38 GMT
Content-Type: text/html;charset=UTF-8
Content-Length: 0
Connection: keep-alive
Cache-Control: private,no-cache,no-store,max-age=0,must-revalidate
Expires: -1
Pragma: no-cache
Set-Cookie: JSESSIONID=169470900BD1AA8CFEAB3ED8FF8490F6; Path=/; HttpOnly
Location: http://1d3p.wp.codeforces.com/

HTTP/1.1 302 Found
Server: nginx/1.12.1
Date: Sun, 15 Sep 2019 12:58:38 GMT
Content-Type: text/html;charset=UTF-8
Content-Length: 0
Connection: keep-alive
Cache-Control: private,no-cache,no-store,max-age=0,must-revalidate
Expires: -1
Pragma: no-cache
Set-Cookie: JSESSIONID=1F1F287970B6F2F4045D22653EA4F8F0; Path=/; HttpOnly
Location: http://1d3p.wp.codeforces.com/

HTTP/1.1 302 Found
Server: nginx/1.12.1
Date: Sun, 15 Sep 2019 12:58:38 GMT
Content-Type: text/html;charset=UTF-8
Content-Length: 0
Connection: keep-alive
Cache-Control: private,no-cache,no-store,max-age=0,must-revalidate
Expires: -1
Pragma: no-cache
Set-Cookie: JSESSIONID=DCDA7CB9CB7B645930A0E4BAA47B32FB; Path=/; HttpOnly
Location: http://1d3p.wp.codeforces.com/

HTTP/1.1 302 Found
Server: nginx/1.12.1
Date: Sun, 15 Sep 2019 12:58:38 GMT
Content-Type: text/html;charset=UTF-8
Content-Length: 0
Connection: keep-alive
Cache-Control: private,no-cache,no-store,max-age=0,must-revalidate
Expires: -1
Pragma: no-cache
Set-Cookie: JSESSIONID=6D7D37E8E71F038729B84B478129C9CD; Path=/; HttpOnly
Location: http://1d3p.wp.codeforces.com/

HTTP/1.1 302 Found
Server: nginx/1.12.1
Date: Sun, 15 Sep 2019 12:58:38 GMT
Content-Type: text/html;charset=UTF-8
Content-Length: 0
Connection: keep-alive
Cache-Control: private,no-cache,no-store,max-age=0,must-revalidate
Expires: -1
Pragma: no-cache
Set-Cookie: JSESSIONID=D429003918951AA7E4A22EA6275279C5; Path=/; HttpOnly
Location: http://1d3p.wp.codeforces.com/

HTTP/1.1 302 Found
Server: nginx/1.12.1
Date: Sun, 15 Sep 2019 12:58:39 GMT
Content-Type: text/html;charset=UTF-8
Content-Length: 0
Connection: keep-alive
Cache-Control: private,no-cache,no-store,max-age=0,must-revalidate
Expires: -1
Pragma: no-cache
Set-Cookie: JSESSIONID=51374B4CAA6958699EE97B818B670F4B; Path=/; HttpOnly
Location: http://1d3p.wp.codeforces.com/

HTTP/1.1 302 Found
Server: nginx/1.12.1
Date: Sun, 15 Sep 2019 12:58:39 GMT
Content-Type: text/html;charset=UTF-8
Content-Length: 0
Connection: keep-alive
Cache-Control: private,no-cache,no-store,max-age=0,must-revalidate
Expires: -1
Pragma: no-cache
Set-Cookie: JSESSIONID=CA94C92CE5D907EAD5B87160F76A436F; Path=/; HttpOnly
Location: http://1d3p.wp.codeforces.com/

HTTP/1.1 302 Found
Server: nginx/1.12.1
Date: Sun, 15 Sep 2019 12:58:39 GMT
Content-Type: text/html;charset=UTF-8
Content-Length: 0
Connection: keep-alive
Cache-Control: private,no-cache,no-store,max-age=0,must-revalidate
Expires: -1
Pragma: no-cache
Set-Cookie: JSESSIONID=ECBE2B96A8CE9B5DE1237114079F62A0; Path=/; HttpOnly
Location: http://1d3p.wp.codeforces.com/

HTTP/1.1 302 Found
Server: nginx/1.12.1
Date: Sun, 15 Sep 2019 12:58:39 GMT
Content-Type: text/html;charset=UTF-8
Content-Length: 0
Connection: keep-alive
Cache-Control: private,no-cache,no-store,max-age=0,must-revalidate
Expires: -1
Pragma: no-cache
Set-Cookie: JSESSIONID=3BFC9A5E1056B55F1FD31AC05C35C766; Path=/; HttpOnly
Location: http://1d3p.wp.codeforces.com/

HTTP/1.1 302 Found
Server: nginx/1.12.1
Date: Sun, 15 Sep 2019 12:58:39 GMT
Content-Type: text/html;charset=UTF-8
Content-Length: 0
Connection: keep-alive
Cache-Control: private,no-cache,no-store,max-age=0,must-revalidate
Expires: -1
Pragma: no-cache
Set-Cookie: JSESSIONID=AEAE2FACBD840CD3908B21FEC35550A3; Path=/; HttpOnly
Location: http://1d3p.wp.codeforces.com/

HTTP/1.1 302 Found
Server: nginx/1.12.1
Date: Sun, 15 Sep 2019 12:58:39 GMT
Content-Type: text/html;charset=UTF-8
Content-Length: 0
Connection: keep-alive
Cache-Control: private,no-cache,no-store,max-age=0,must-revalidate
Expires: -1
Pragma: no-cache
Set-Cookie: JSESSIONID=BA44DDE33BEC0E8A5FA0941AD37BE2F4; Path=/; HttpOnly
Location: http://1d3p.wp.codeforces.com/

HTTP/1.1 302 Found
Server: nginx/1.12.1
Date: Sun, 15 Sep 2019 12:58:39 GMT
Content-Type: text/html;charset=UTF-8
Content-Length: 0
Connection: keep-alive
Cache-Control: private,no-cache,no-store,max-age=0,must-revalidate
Expires: -1
Pragma: no-cache
Set-Cookie: JSESSIONID=E197678D6BCF0EDB4E4C6124CDE2B9F8; Path=/; HttpOnly
Location: http://1d3p.wp.codeforces.com/

HTTP/1.1 302 Found
Server: nginx/1.12.1
Date: Sun, 15 Sep 2019 12:58:39 GMT
Content-Type: text/html;charset=UTF-8
Content-Length: 0
Connection: keep-alive
Cache-Control: private,no-cache,no-store,max-age=0,must-revalidate
Expires: -1
Pragma: no-cache
Set-Cookie: JSESSIONID=D8DA414DC9513EF7375FE2A238CF36A2; Path=/; HttpOnly
Location: http://1d3p.wp.codeforces.com/

HTTP/1.1 302 Found
Server: nginx/1.12.1
Date: Sun, 15 Sep 2019 12:58:39 GMT
Content-Type: text/html;charset=UTF-8
Content-Length: 0
Connection: keep-alive
Cache-Control: private,no-cache,no-store,max-age=0,must-revalidate
Expires: -1
Pragma: no-cache
Set-Cookie: JSESSIONID=1CB51539CFCFABAB0E0D0555326C72A5; Path=/; HttpOnly
Location: http://1d3p.wp.codeforces.com/

HTTP/1.1 302 Found
Server: nginx/1.12.1
Date: Sun, 15 Sep 2019 12:58:39 GMT
Content-Type: text/html;charset=UTF-8
Content-Length: 0
Connection: keep-alive
Cache-Control: private,no-cache,no-store,max-age=0,must-revalidate
Expires: -1
Pragma: no-cache
Set-Cookie: JSESSIONID=06CC8A04059EDFFB0F46EBEC529F3714; Path=/; HttpOnly
Location: http://1d3p.wp.codeforces.com/

HTTP/1.1 302 Found
Server: nginx/1.12.1
Date: Sun, 15 Sep 2019 12:58:39 GMT
Content-Type: text/html;charset=UTF-8
Content-Length: 0
Connection: keep-alive
Cache-Control: private,no-cache,no-store,max-age=0,must-revalidate
Expires: -1
Pragma: no-cache
Set-Cookie: JSESSIONID=E2A155C9AFB700265C18108826106435; Path=/; HttpOnly
Location: http://1d3p.wp.codeforces.com/

HTTP/1.1 302 Found
Server: nginx/1.12.1
Date: Sun, 15 Sep 2019 12:58:39 GMT
Content-Type: text/html;charset=UTF-8
Content-Length: 0
Connection: keep-alive
Cache-Control: private,no-cache,no-store,max-age=0,must-revalidate
Expires: -1
Pragma: no-cache
Set-Cookie: JSESSIONID=2A6CA8D7D8FA90AFB595DC5A83C48E90; Path=/; HttpOnly
Location: http://1d3p.wp.codeforces.com/

HTTP/1.1 302 Found
Server: nginx/1.12.1
Date: Sun, 15 Sep 2019 12:58:39 GMT
Content-Type: text/html;charset=UTF-8
Content-Length: 0
Connection: keep-alive
Cache-Control: private,no-cache,no-store,max-age=0,must-revalidate
Expires: -1
Pragma: no-cache
Set-Cookie: JSESSIONID=8F7F5162ABB9AFC5B74420B5FFE66B50; Path=/; HttpOnly
Location: http://1d3p.wp.codeforces.com/

HTTP/1.1 302 Found
Server: nginx/1.12.1
Date: Sun, 15 Sep 2019 12:58:40 GMT
Content-Type: text/html;charset=UTF-8
Content-Length: 0
Connection: keep-alive
Cache-Control: private,no-cache,no-store,max-age=0,must-revalidate
Expires: -1
Pragma: no-cache
Set-Cookie: JSESSIONID=76A203E11C8EB613F4C05B5679409570; Path=/; HttpOnly
Location: http://1d3p.wp.codeforces.com/

HTTP/1.1 302 Found
Server: nginx/1.12.1
Date: Sun, 15 Sep 2019 12:58:40 GMT
Content-Type: text/html;charset=UTF-8
Content-Length: 0
Connection: keep-alive
Cache-Control: private,no-cache,no-store,max-age=0,must-revalidate
Expires: -1
Pragma: no-cache
Set-Cookie: JSESSIONID=004C7D387A19551828AB4C5A1746D70E; Path=/; HttpOnly
Location: http://1d3p.wp.codeforces.com/

HTTP/1.1 302 Found
Server: nginx/1.12.1
Date: Sun, 15 Sep 2019 12:58:40 GMT
Content-Type: text/html;charset=UTF-8
Content-Length: 0
Connection: keep-alive
Cache-Control: private,no-cache,no-store,max-age=0,must-revalidate
Expires: -1
Pragma: no-cache
Set-Cookie: JSESSIONID=9454A827AFA87491D93F53C5854C982F; Path=/; HttpOnly
Location: http://1d3p.wp.codeforces.com/

HTTP/1.1 302 Found
Server: nginx/1.12.1
Date: Sun, 15 Sep 2019 12:58:40 GMT
Content-Type: text/html;charset=UTF-8
Content-Length: 0
Connection: keep-alive
Cache-Control: private,no-cache,no-store,max-age=0,must-revalidate
Expires: -1
Pragma: no-cache
Set-Cookie: JSESSIONID=BF1AAF0D3A506FECADF7C8DAF1C7DFF7; Path=/; HttpOnly
Location: http://1d3p.wp.codeforces.com/

HTTP/1.1 302 Found
Server: nginx/1.12.1
Date: Sun, 15 Sep 2019 12:58:40 GMT
Content-Type: text/html;charset=UTF-8
Content-Length: 0
Connection: keep-alive
Cache-Control: private,no-cache,no-store,max-age=0,must-revalidate
Expires: -1
Pragma: no-cache
Set-Cookie: JSESSIONID=AE11498FDEADF30D3825A5D90B033A3D; Path=/; HttpOnly
Location: http://1d3p.wp.codeforces.com/

HTTP/1.1 302 Found
Server: nginx/1.12.1
Date: Sun, 15 Sep 2019 12:58:40 GMT
Content-Type: text/html;charset=UTF-8
Content-Length: 0
Connection: keep-alive
Cache-Control: private,no-cache,no-store,max-age=0,must-revalidate
Expires: -1
Pragma: no-cache
Set-Cookie: JSESSIONID=55F5E86C220781201CFD80438FE6547E; Path=/; HttpOnly
Location: http://1d3p.wp.codeforces.com/

HTTP/1.1 302 Found
Server: nginx/1.12.1
Date: Sun, 15 Sep 2019 12:58:40 GMT
Content-Type: text/html;charset=UTF-8
Content-Length: 0
Connection: keep-alive
Cache-Control: private,no-cache,no-store,max-age=0,must-revalidate
Expires: -1
Pragma: no-cache
Set-Cookie: JSESSIONID=AF67396BD3848B78FB0B7295DA17F9E0; Path=/; HttpOnly
Location: http://1d3p.wp.codeforces.com/

HTTP/1.1 302 Found
Server: nginx/1.12.1
Date: Sun, 15 Sep 2019 12:58:40 GMT
Content-Type: text/html;charset=UTF-8
Content-Length: 0
Connection: keep-alive
Cache-Control: private,no-cache,no-store,max-age=0,must-revalidate
Expires: -1
Pragma: no-cache
Set-Cookie: JSESSIONID=7A78226F9A8B3CC997B5FAFAF7AC06BD; Path=/; HttpOnly
Location: http://1d3p.wp.codeforces.com/

HTTP/1.1 302 Found
Server: nginx/1.12.1
Date: Sun, 15 Sep 2019 12:58:40 GMT
Content-Type: text/html;charset=UTF-8
Content-Length: 0
Connection: keep-alive
Cache-Control: private,no-cache,no-store,max-age=0,must-revalidate
Expires: -1
Pragma: no-cache
Set-Cookie: JSESSIONID=9D5BA7A0EC666F36057B8837869AC9DB; Path=/; HttpOnly
Location: http://1d3p.wp.codeforces.com/

HTTP/1.1 302 Found
Server: nginx/1.12.1
Date: Sun, 15 Sep 2019 12:58:40 GMT
Content-Type: text/html;charset=UTF-8
Content-Length: 0
Connection: keep-alive
Cache-Control: private,no-cache,no-store,max-age=0,must-revalidate
Expires: -1
Pragma: no-cache
Set-Cookie: JSESSIONID=29942E5E8AC8C6D9D0F7D05830F53A25; Path=/; HttpOnly
Location: http://1d3p.wp.codeforces.com/

HTTP/1.1 302 Found
Server: nginx/1.12.1
Date: Sun, 15 Sep 2019 12:58:40 GMT
Content-Type: text/html;charset=UTF-8
Content-Length: 0
Connection: keep-alive
Cache-Control: private,no-cache,no-store,max-age=0,must-revalidate
Expires: -1
Pragma: no-cache
Set-Cookie: JSESSIONID=8A78756E3A944A733D111590FF454CB4; Path=/; HttpOnly
Location: http://1d3p.wp.codeforces.com/

HTTP/1.1 302 Found
Server: nginx/1.12.1
Date: Sun, 15 Sep 2019 12:58:40 GMT
Content-Type: text/html;charset=UTF-8
Content-Length: 0
Connection: keep-alive
Cache-Control: private,no-cache,no-store,max-age=0,must-revalidate
Expires: -1
Pragma: no-cache
Set-Cookie: JSESSIONID=CCAFC05C23F1183A77C6BED023380A97; Path=/; HttpOnly
Location: http://1d3p.wp.codeforces.com/

HTTP/1.1 302 Found
Server: nginx/1.12.1
Date: Sun, 15 Sep 2019 12:58:40 GMT
Content-Type: text/html;charset=UTF-8
Content-Length: 0
Connection: keep-alive
Cache-Control: private,no-cache,no-store,max-age=0,must-revalidate
Expires: -1
Pragma: no-cache
Set-Cookie: JSESSIONID=DE2075C3DEA00464ACF8D6389878E200; Path=/; HttpOnly
Location: http://1d3p.wp.codeforces.com/

HTTP/1.1 302 Found
Server: nginx/1.12.1
Date: Sun, 15 Sep 2019 12:58:40 GMT
Content-Type: text/html;charset=UTF-8
Content-Length: 0
Connection: keep-alive
Cache-Control: private,no-cache,no-store,max-age=0,must-revalidate
Expires: -1
Pragma: no-cache
Set-Cookie: JSESSIONID=C6EF40D910799B368DE02805169CF65C; Path=/; HttpOnly
Location: http://1d3p.wp.codeforces.com/

HTTP/1.1 302 Found
Server: nginx/1.12.1
Date: Sun, 15 Sep 2019 12:58:41 GMT
Content-Type: text/html;charset=UTF-8
Content-Length: 0
Connection: keep-alive
Cache-Control: private,no-cache,no-store,max-age=0,must-revalidate
Expires: -1
Pragma: no-cache
Set-Cookie: JSESSIONID=BF8D7D984540A17BE5172E05D3FEDE69; Path=/; HttpOnly
Location: http://1d3p.wp.codeforces.com/

HTTP/1.1 302 Found
Server: nginx/1.12.1
Date: Sun, 15 Sep 2019 12:58:41 GMT
Content-Type: text/html;charset=UTF-8
Content-Length: 0
Connection: keep-alive
Cache-Control: private,no-cache,no-store,max-age=0,must-revalidate
Expires: -1
Pragma: no-cache
Set-Cookie: JSESSIONID=677D1421895EA0CB12F1459BC2F6EDB9; Path=/; HttpOnly
Location: http://1d3p.wp.codeforces.com/

